<?xml version="1.0" encoding="UTF-8"?>
<testsuite xmlns:xsi="http://www.w3.org/2001/XMLSchema-instance" xsi:noNamespaceSchemaLocation="https://maven.apache.org/surefire/maven-surefire-plugin/xsd/surefire-test-report.xsd" version="3.0.2" name="com.project.job_application_form.JobApplicationFormApplicationTests" time="7.011" tests="1" errors="0" skipped="0" failures="0">
  <properties>
[...]
</properties>
  <testcase name="contextLoads" classname="com.project.job_application_form.JobApplicationFormApplicationTests" time="0.523">
    <system-out><![CDATA[02:19:29.001 [main] INFO org.springframework.test.context.support.AnnotationConfigContextLoaderUtils -- Could not detect default configuration classes for test class [com.project.job_application_form.JobApplicationFormApplicationTests]: JobApplicationFormApplicationTests does not declare any static, non-private, non-final, nested classes annotated with @Configuration.
02:19:29.134 [main] INFO org.springframework.boot.test.context.SpringBootTestContextBootstrapper -- Found @SpringBootConfiguration com.project.job_application_form.CandidateApplication for test class com.project.job_application_form.JobApplicationFormApplicationTests
02:19:29.302 [main] INFO org.springframework.boot.devtools.restart.RestartApplicationListener -- Restart disabled due to context in which it is running

  .   ____          _            __ _ _
 /\\ / ___'_ __ _ _(_)_ __  __ _ \ \ \ \
( ( )\___ | '_ | '_| | '_ \/ _` | \ \ \ \
 \\/  ___)| |_)| | | | | || (_| |  ) ) ) )
  '  |____| .__|_| |_|_| |_\__, | / / / /
 =========|_|==============|___/=/_/_/_/

 :: Spring Boot ::                (v3.4.1)

2025-01-31T02:19:29.667+05:00  INFO 25232 --- [job-application-form] [           main] c.p.j.JobApplicationFormApplicationTests : Starting JobApplicationFormApplicationTests using Java 23.0.1 with PID 25232 (started by Lenovo in C:\Users\Lenovo\IdeaProjects\job_application_form1)
2025-01-31T02:19:29.669+05:00  INFO 25232 --- [job-application-form] [           main] c.p.j.JobApplicationFormApplicationTests : No active profile set, falling back to 1 default profile: "default"
2025-01-31T02:19:30.638+05:00  INFO 25232 --- [job-application-form] [           main] .s.d.r.c.RepositoryConfigurationDelegate : Bootstrapping Spring Data JPA repositories in DEFAULT mode.
2025-01-31T02:19:30.722+05:00  INFO 25232 --- [job-application-form] [           main] .s.d.r.c.RepositoryConfigurationDelegate : Finished Spring Data repository scanning in 70 ms. Found 5 JPA repository interfaces.
2025-01-31T02:19:31.260+05:00  INFO 25232 --- [job-application-form] [           main] o.hibernate.jpa.internal.util.LogHelper  : HHH000204: Processing PersistenceUnitInfo [name: default]
2025-01-31T02:19:31.333+05:00  INFO 25232 --- [job-application-form] [           main] org.hibernate.Version                    : HHH000412: Hibernate ORM core version 6.6.4.Final
2025-01-31T02:19:31.383+05:00  INFO 25232 --- [job-application-form] [           main] o.h.c.internal.RegionFactoryInitiator    : HHH000026: Second-level cache disabled
2025-01-31T02:19:31.760+05:00  INFO 25232 --- [job-application-form] [           main] o.s.o.j.p.SpringPersistenceUnitInfo      : No LoadTimeWeaver setup: ignoring JPA class transformer
2025-01-31T02:19:31.803+05:00  INFO 25232 --- [job-application-form] [           main] com.zaxxer.hikari.HikariDataSource       : HikariPool-1 - Starting...
2025-01-31T02:19:31.983+05:00  INFO 25232 --- [job-application-form] [           main] com.zaxxer.hikari.pool.HikariPool        : HikariPool-1 - Added connection conn0: url=jdbc:h2:mem:testdb user=SA
2025-01-31T02:19:31.985+05:00  INFO 25232 --- [job-application-form] [           main] com.zaxxer.hikari.HikariDataSource       : HikariPool-1 - Start completed.
2025-01-31T02:19:32.047+05:00  INFO 25232 --- [job-application-form] [           main] org.hibernate.orm.connections.pooling    : HHH10001005: Database info:
	Database JDBC URL [Connecting through datasource 'HikariDataSource (HikariPool-1)']
	Database driver: undefined/unknown
	Database version: 2.3.232
	Autocommit mode: undefined/unknown
	Isolation level: undefined/unknown
	Minimum pool size: undefined/unknown
	Maximum pool size: undefined/unknown
2025-01-31T02:19:33.046+05:00  INFO 25232 --- [job-application-form] [           main] o.h.e.t.j.p.i.JtaPlatformInitiator       : HHH000489: No JTA platform available (set 'hibernate.transaction.jta.platform' to enable JTA platform integration)
Hibernate: create table additional_info (id bigint generated by default as identity, car_license_plate varchar(255), car_model varchar(255), car_year integer not null, has_administrative_cases boolean not null, has_benefits boolean not null, has_car boolean not null, has_criminal_record boolean not null, has_debts boolean not null, is_military_obligated boolean not null, pays_alimony boolean not null, candidate_id bigint, primary key (id))
Hibernate: create table address (id bigint generated by default as identity, address_type varchar(255), area varchar(255), block varchar(255), city varchar(255), district varchar(255), flat varchar(255), house varchar(255), street varchar(255), candidate_id bigint, primary key (id))
Hibernate: create table candidate (id bigint generated by default as identity, birth_date date, birth_place varchar(255), citizenship varchar(255), document_name varchar(255), document_number varchar(255), issued_by varchar(255), issued_date date, full_name varchar(255), iin varchar(255), is_same_as_permanent_address boolean not null, nationality varchar(255), primary key (id))
Hibernate: create table contacts (id bigint generated by default as identity, e_mail varchar(255), number_business varchar(255), number_home varchar(255), number_mobile varchar(255), full_name_relativ varchar(255), number_relativ varchar(255), relationship varchar(255), candidate_id bigint, primary key (id))
Hibernate: create table courses (id bigint generated by default as identity, courses_certificates varchar(255), courses_duration varchar(255), courses_name varchar(255), courses_specialization varchar(255), courses_start_year varchar(255), experience_end_date varchar(255), experience_manager_name varchar(255), experience_manager_phone varchar(255), experience_organization_name varchar(255), experience_position varchar(255), experience_reason_for_leaving varchar(255), experience_start_date varchar(255), candidate_id bigint, primary key (id))
Hibernate: create table education (id bigint generated by default as identity, education_end_year varchar(255), education_form_education varchar(255), education_institution_name varchar(255), education_qualification varchar(255), education_specialization varchar(255), education_start_year varchar(255), candidate_id bigint, primary key (id))
Hibernate: create table family_status (id bigint generated by default as identity, address varchar(255), date_of_birth varchar(255), full_name varchar(255), marriage_status varchar(255), phone varchar(255), position varchar(255), relation varchar(255), workplace varchar(255), candidate_id bigint, primary key (id))
Hibernate: create table recommendation (id bigint generated by default as identity, name varchar(255), phone varchar(255), position varchar(255), workplace varchar(255), candidate_id bigint, primary key (id))
Hibernate: alter table if exists additional_info add constraint FKtkni7sofq7iv2tnfnctl5m2wk foreign key (candidate_id) references candidate
Hibernate: alter table if exists address add constraint FK2c54ocyjcyisbifvy8fn2rp6j foreign key (candidate_id) references candidate
Hibernate: alter table if exists contacts add constraint FK3ky5dlpx13nw2gtknx5u1bl1 foreign key (candidate_id) references candidate
Hibernate: alter table if exists courses add constraint FKlfupvpuj27tg13r0h36ayltaq foreign key (candidate_id) references candidate
Hibernate: alter table if exists education add constraint FKafkm5slwf4fk1tx4uf4cwlxor foreign key (candidate_id) references candidate
Hibernate: alter table if exists family_status add constraint FK1llp83vxwbmwae0f3m658nno1 foreign key (candidate_id) references candidate
Hibernate: alter table if exists recommendation add constraint FKoyyat9ba5tm51jj322g388q5h foreign key (candidate_id) references candidate
2025-01-31T02:19:33.131+05:00  INFO 25232 --- [job-application-form] [           main] j.LocalContainerEntityManagerFactoryBean : Initialized JPA EntityManagerFactory for persistence unit 'default'
2025-01-31T02:19:33.814+05:00  WARN 25232 --- [job-application-form] [           main] JpaBaseConfiguration$JpaWebConfiguration : spring.jpa.open-in-view is enabled by default. Therefore, database queries may be performed during view rendering. Explicitly configure spring.jpa.open-in-view to disable this warning
2025-01-31T02:19:33.887+05:00  INFO 25232 --- [job-application-form] [           main] o.s.v.b.OptionalValidatorFactoryBean     : Failed to set up a Bean Validation provider: jakarta.validation.NoProviderFoundException: Unable to create a Configuration, because no Jakarta Bean Validation provider could be found. Add a provider like Hibernate Validator (RI) to your classpath.
2025-01-31T02:19:35.229+05:00  INFO 25232 --- [job-application-form] [           main] o.s.b.a.h2.H2ConsoleAutoConfiguration    : H2 console available at '/h2-console'. Database available at 'jdbc:h2:mem:testdb'
2025-01-31T02:19:35.306+05:00  INFO 25232 --- [job-application-form] [           main] c.p.j.JobApplicationFormApplicationTests : Started JobApplicationFormApplicationTests in 6.02 seconds (process running for 7.091)
]]></system-out>
    <system-err><![CDATA[Mockito is currently self-attaching to enable the inline-mock-maker. This will no longer work in future releases of the JDK. Please add Mockito as an agent to your build what is described in Mockito's documentation: https://javadoc.io/doc/org.mockito/mockito-core/latest/org/mockito/Mockito.html#0.3
WARNING: A Java agent has been loaded dynamically (C:\Users\Lenovo\.m2\repository\net\bytebuddy\byte-buddy-agent\1.15.11\byte-buddy-agent-1.15.11.jar)
WARNING: If a serviceability tool is in use, please run with -XX:+EnableDynamicAgentLoading to hide this warning
WARNING: If a serviceability tool is not in use, please run with -Djdk.instrument.traceUsage for more information
WARNING: Dynamic loading of agents will be disallowed by default in a future release
]]></system-err>
  </testcase>
</testsuite>